<?xml version="1.0" encoding="UTF-8"?>
<!-- Generated by org.testng.reporters.JUnitReportReporter -->
<testsuite hostname="QKNBK908" failures="0" tests="1" name="PragatiTraining.RestAssuredDemo.SimpleGetTest" time="4.705" errors="0" timestamp="2021-06-07T10:19:18 IST" skipped="0">
  <testcase classname="PragatiTraining.RestAssuredDemo.SimpleGetTest" name="GetWeatherDetails" time="4.705"/>
  <system-out/>
</testsuite> <!-- PragatiTraining.RestAssuredDemo.SimpleGetTest -->
