<?xml version="1.0" encoding="UTF-8"?>
<!-- Generated by org.testng.reporters.JUnitReportReporter -->
<testsuite hostname="QKNBK908" failures="0" tests="1" name="PragatiTraining.RestAssuredDemo.CreateUser" time="3.486" errors="0" timestamp="2021-06-07T12:01:42 IST" skipped="0">
  <testcase classname="PragatiTraining.RestAssuredDemo.CreateUser" name="createUser" time="3.486"/>
  <system-out/>
</testsuite> <!-- PragatiTraining.RestAssuredDemo.CreateUser -->
