<?xml version="1.0" encoding="UTF-8"?>
<!-- Generated by org.testng.reporters.JUnitReportReporter -->
<testsuite hostname="QKNBK908" failures="0" tests="2" name="PragatiTraining.RestAssuredDemo.GetUser" time="3.944" errors="0" timestamp="2021-06-07T11:32:14 IST" skipped="0">
  <testcase classname="PragatiTraining.RestAssuredDemo.GetUser" name="getUser" time="2.948"/>
  <system-out/>
  <testcase classname="PragatiTraining.RestAssuredDemo.GetUser" name="getUserList" time="0.996"/>
  <system-out/>
</testsuite> <!-- PragatiTraining.RestAssuredDemo.GetUser -->
